<?xml version="1.0" encoding="UTF-8"?>
<!-- Generated by org.testng.reporters.JUnitXMLReporter -->
<testsuite ignored="0" hostname="LAPTOP-N6AMDSDJ" failures="0" tests="8" name="Test" time="78.123" errors="0" timestamp="2024-09-26T13:58:46 IST">
  <testcase classname="testCases.TC_001_RegisterUserTest" name="verifyHomePageIsVisible" time="0.123"/>
  <testcase classname="testCases.TC_001_RegisterUserTest" name="verifyAccountCreated" time="10.261"/>
  <testcase classname="testCases.TC_002_LoginWithCorrectEmail_PasswordTest" name="verifyHomePageIsVisible1" time="2.503"/>
  <testcase classname="testCases.TC_002_LoginWithCorrectEmail_PasswordTest" name="verifyLoginIsSuccessfull" time="2.628"/>
  <testcase classname="testCases.TC_003_Login_User_with_incorrect_email_and_passwordTest" name="verifyHomePageIsVisible2" time="2.044"/>
  <testcase classname="testCases.TC_003_Login_User_with_incorrect_email_and_passwordTest" name="VerifyNegativeLoginScenario" time="2.1"/>
  <testcase classname="testCases.TC_004_LogoutUser_Test" name="LoginToAccount" time="6.78"/>
  <testcase classname="testCases.TC_004_LogoutUser_Test" name="LogoutUser" time="4.617"/>
</testsuite> <!-- Test -->
